This file contains any messages produced by compilers while
running configure, to aid debugging if configure makes a mistake.

It was created by virt-manager configure 0.9.4, which was
generated by GNU Autoconf 2.68.  Invocation command line was

  $ ./configure 

## --------- ##
## Platform. ##
## --------- ##

hostname = ubuntu
uname -m = i686
uname -r = 3.2.0-37-generic-pae
uname -s = Linux
uname -v = #58-Ubuntu SMP Thu Jan 24 15:51:02 UTC 2013

/usr/bin/uname -p = unknown
/bin/uname -X     = unknown

/bin/arch              = unknown
/usr/bin/arch -k       = unknown
/usr/convex/getsysinfo = unknown
/usr/bin/hostinfo      = unknown
/bin/machine           = unknown
/usr/bin/oslevel       = unknown
/bin/universe          = unknown

PATH: /usr/lib/lightdm/lightdm
PATH: /usr/local/sbin
PATH: /usr/local/bin
PATH: /usr/sbin
PATH: /usr/bin
PATH: /sbin
PATH: /bin
PATH: /usr/games


## ----------- ##
## Core tests. ##
## ----------- ##

configure:2035: checking for a BSD-compatible install
configure:2103: result: /usr/bin/install -c
configure:2114: checking whether build environment is sane
configure:2164: result: yes
configure:2305: checking for a thread-safe mkdir -p
configure:2344: result: /bin/mkdir -p
configure:2357: checking for gawk
configure:2373: found /usr/bin/gawk
configure:2384: result: gawk
configure:2395: checking whether make sets $(MAKE)
configure:2417: result: yes
configure:2498: checking whether to enable maintainer-specific portions of Makefiles
configure:2507: result: yes
configure:2523: checking whether NLS is requested
configure:2532: result: yes
configure:2548: checking for style of include used by make
configure:2576: result: GNU
configure:2647: checking for gcc
configure:2663: found /usr/bin/gcc
configure:2674: result: gcc
configure:2903: checking for C compiler version
configure:2912: gcc --version >&5
gcc (Ubuntu/Linaro 4.6.3-1ubuntu5) 4.6.3
Copyright (C) 2011 Free Software Foundation, Inc.
This is free software; see the source for copying conditions.  There is NO
warranty; not even for MERCHANTABILITY or FITNESS FOR A PARTICULAR PURPOSE.

configure:2923: $? = 0
configure:2912: gcc -v >&5
Using built-in specs.
COLLECT_GCC=gcc
COLLECT_LTO_WRAPPER=/usr/lib/gcc/i686-linux-gnu/4.6/lto-wrapper
Target: i686-linux-gnu
Configured with: ../src/configure -v --with-pkgversion='Ubuntu/Linaro 4.6.3-1ubuntu5' --with-bugurl=file:///usr/share/doc/gcc-4.6/README.Bugs --enable-languages=c,c++,fortran,objc,obj-c++ --prefix=/usr --program-suffix=-4.6 --enable-shared --enable-linker-build-id --with-system-zlib --libexecdir=/usr/lib --without-included-gettext --enable-threads=posix --with-gxx-include-dir=/usr/include/c++/4.6 --libdir=/usr/lib --enable-nls --with-sysroot=/ --enable-clocale=gnu --enable-libstdcxx-debug --enable-libstdcxx-time=yes --enable-gnu-unique-object --enable-plugin --enable-objc-gc --enable-targets=all --disable-werror --with-arch-32=i686 --with-tune=generic --enable-checking=release --build=i686-linux-gnu --host=i686-linux-gnu --target=i686-linux-gnu
Thread model: posix
gcc version 4.6.3 (Ubuntu/Linaro 4.6.3-1ubuntu5) 
configure:2923: $? = 0
configure:2912: gcc -V >&5
gcc: error: unrecognized option '-V'
gcc: fatal error: no input files
compilation terminated.
configure:2923: $? = 4
configure:2912: gcc -qversion >&5
gcc: error: unrecognized option '-qversion'
gcc: fatal error: no input files
compilation terminated.
configure:2923: $? = 4
configure:2943: checking whether the C compiler works
configure:2965: gcc    conftest.c  >&5
configure:2969: $? = 0
configure:3017: result: yes
configure:3020: checking for C compiler default output file name
configure:3022: result: a.out
configure:3028: checking for suffix of executables
configure:3035: gcc -o conftest    conftest.c  >&5
configure:3039: $? = 0
configure:3061: result: 
configure:3083: checking whether we are cross compiling
configure:3091: gcc -o conftest    conftest.c  >&5
configure:3095: $? = 0
configure:3102: ./conftest
configure:3106: $? = 0
configure:3121: result: no
configure:3126: checking for suffix of object files
configure:3148: gcc -c   conftest.c >&5
configure:3152: $? = 0
configure:3173: result: o
configure:3177: checking whether we are using the GNU C compiler
configure:3196: gcc -c   conftest.c >&5
configure:3196: $? = 0
configure:3205: result: yes
configure:3214: checking whether gcc accepts -g
configure:3234: gcc -c -g  conftest.c >&5
configure:3234: $? = 0
configure:3275: result: yes
configure:3292: checking for gcc option to accept ISO C89
configure:3356: gcc  -c -g -O2  conftest.c >&5
configure:3356: $? = 0
configure:3369: result: none needed
configure:3391: checking dependency style of gcc
configure:3502: result: none
configure:3532: checking for intltool >= 0.35.0
configure:3534: result: 0.50.2 found
configure:3542: checking for intltool-update
configure:3560: found /usr/bin/intltool-update
configure:3572: result: /usr/bin/intltool-update
configure:3582: checking for intltool-merge
configure:3600: found /usr/bin/intltool-merge
configure:3612: result: /usr/bin/intltool-merge
configure:3622: checking for intltool-extract
configure:3640: found /usr/bin/intltool-extract
configure:3652: result: /usr/bin/intltool-extract
configure:3806: checking for xgettext
configure:3824: found /usr/bin/xgettext
configure:3836: result: /usr/bin/xgettext
configure:3846: checking for msgmerge
configure:3864: found /usr/bin/msgmerge
configure:3876: result: /usr/bin/msgmerge
configure:3886: checking for msgfmt
configure:3904: found /usr/bin/msgfmt
configure:3916: result: /usr/bin/msgfmt
configure:3926: checking for gmsgfmt
configure:3957: result: /usr/bin/msgfmt
configure:3977: checking for perl
configure:3995: found /usr/bin/perl
configure:4007: result: /usr/bin/perl
configure:4018: checking for perl >= 5.8.1
configure:4025: result: 5.14.2
configure:4057: gcc -o conftest -g -O2   conftest.c  >&5
configure:4057: $? = 0
configure:4131: checking for msgfmt
configure:4162: result: /usr/bin/msgfmt
configure:4171: checking for gmsgfmt
configure:4202: result: /usr/bin/msgfmt
configure:4242: checking for xgettext
configure:4273: result: /usr/bin/xgettext
configure:4313: checking for msgmerge
configure:4343: result: /usr/bin/msgmerge
configure:4398: checking build system type
configure:4412: result: i686-pc-linux-gnu
configure:4432: checking host system type
configure:4445: result: i686-pc-linux-gnu
configure:4489: checking for ld used by GCC
configure:4553: result: /usr/bin/ld
configure:4560: checking if the linker (/usr/bin/ld) is GNU ld
configure:4573: result: yes
configure:4579: checking for shared library run path origin
configure:4592: result: done
configure:5008: checking whether NLS is requested
configure:5017: result: yes
configure:5035: checking for GNU gettext in libc
configure:5054: gcc -o conftest -g -O2   conftest.c  >&5
configure:5054: $? = 0
configure:5062: result: yes
configure:5642: checking whether to use NLS
configure:5644: result: yes
configure:5647: checking where the gettext function comes from
configure:5658: result: libc
configure:6005: creating ./config.status

## ---------------------- ##
## Running config.status. ##
## ---------------------- ##

This file was extended by virt-manager config.status 0.9.4, which was
generated by GNU Autoconf 2.68.  Invocation command line was

  CONFIG_FILES    = 
  CONFIG_HEADERS  = 
  CONFIG_LINKS    = 
  CONFIG_COMMANDS = 
  $ ./config.status 

on ubuntu

config.status:891: creating Makefile
config.status:891: creating po/Makefile.in
config.status:891: creating src/Makefile
config.status:891: creating src/virtManager/Makefile
config.status:891: creating src/virtManagerTui/Makefile
config.status:891: creating src/virtManagerTui/importblacklist/Makefile
config.status:891: creating man/Makefile
config.status:891: creating tests/Makefile
config.status:891: creating virt-manager.spec
config.status:891: creating icons/Makefile
config.status:891: creating icons/hicolor/Makefile
config.status:891: creating icons/hicolor/16x16/Makefile
config.status:891: creating icons/hicolor/22x22/Makefile
config.status:891: creating icons/hicolor/24x24/Makefile
config.status:891: creating icons/hicolor/32x32/Makefile
config.status:891: creating icons/hicolor/48x48/Makefile
config.status:891: creating icons/hicolor/256x256/Makefile
config.status:1063: executing depfiles commands
config.status:1063: executing default-1 commands
config.status:1063: executing po/stamp-it commands
configure:7304: 
configure:7306: 
configure:7309: Required virtinst:               0.600.3
configure:7311: Default qemu user:               root
configure:7314: Install TUI:                     yes
configure:7321: Enable unsupported RHEL options: yes
configure:7328: Preferred distros:               none
configure:7335: Libvirt packages:                none
configure:7342: KVM packages:                    none
configure:7349: askpass package:                 none
configure:7355: Default graphics:                vnc
configure:7358: 
configure:7360: 

## ---------------- ##
## Cache variables. ##
## ---------------- ##

ac_cv_build=i686-pc-linux-gnu
ac_cv_c_compiler_gnu=yes
ac_cv_env_CC_set=
ac_cv_env_CC_value=
ac_cv_env_CFLAGS_set=
ac_cv_env_CFLAGS_value=
ac_cv_env_CPPFLAGS_set=
ac_cv_env_CPPFLAGS_value=
ac_cv_env_LDFLAGS_set=
ac_cv_env_LDFLAGS_value=
ac_cv_env_LIBS_set=
ac_cv_env_LIBS_value=
ac_cv_env_build_alias_set=
ac_cv_env_build_alias_value=
ac_cv_env_host_alias_set=
ac_cv_env_host_alias_value=
ac_cv_env_target_alias_set=
ac_cv_env_target_alias_value=
ac_cv_host=i686-pc-linux-gnu
ac_cv_objext=o
ac_cv_path_GMSGFMT=/usr/bin/msgfmt
ac_cv_path_INTLTOOL_EXTRACT=/usr/bin/intltool-extract
ac_cv_path_INTLTOOL_MERGE=/usr/bin/intltool-merge
ac_cv_path_INTLTOOL_PERL=/usr/bin/perl
ac_cv_path_INTLTOOL_UPDATE=/usr/bin/intltool-update
ac_cv_path_MSGFMT=/usr/bin/msgfmt
ac_cv_path_MSGMERGE=/usr/bin/msgmerge
ac_cv_path_XGETTEXT=/usr/bin/xgettext
ac_cv_path_install='/usr/bin/install -c'
ac_cv_path_mkdir=/bin/mkdir
ac_cv_prog_AWK=gawk
ac_cv_prog_ac_ct_CC=gcc
ac_cv_prog_cc_c89=
ac_cv_prog_cc_g=yes
ac_cv_prog_make_make_set=yes
acl_cv_hardcode_direct=no
acl_cv_hardcode_libdir_flag_spec='${wl}-rpath ${wl}$libdir'
acl_cv_hardcode_libdir_separator=
acl_cv_hardcode_minus_L=no
acl_cv_libext=a
acl_cv_path_LD=/usr/bin/ld
acl_cv_prog_gnu_ld=yes
acl_cv_rpath=done
acl_cv_shlibext=so
acl_cv_wl=-Wl,
am_cv_CC_dependencies_compiler_type=none
gt_cv_func_gnugettext1_libc=yes

## ----------------- ##
## Output variables. ##
## ----------------- ##

ACLOCAL='${SHELL} /home/sandeep/vmaffinityrepository/vm_affinity_management_tool_for_kvm/virt-manager-0.9.4/missing --run aclocal-1.11'
ALL_LINGUAS='as bg bn_IN bs ca cs da de es fi fr gu hi hr hu is it ja kn ko ml mr ms nb nl or pa pl pt_BR pt ro ru sr@latin sr sv ta te tr uk zh_CN zh_TW'
AMDEPBACKSLASH='\'
AMDEP_FALSE='#'
AMDEP_TRUE=''
AMTAR='$${TAR-tar}'
AM_DEFAULT_VERBOSITY='1'
ASKPASS_PACKAGE=''
AUTOCONF='${SHELL} /home/sandeep/vmaffinityrepository/vm_affinity_management_tool_for_kvm/virt-manager-0.9.4/missing --run autoconf'
AUTOHEADER='${SHELL} /home/sandeep/vmaffinityrepository/vm_affinity_management_tool_for_kvm/virt-manager-0.9.4/missing --run autoheader'
AUTOMAKE='${SHELL} /home/sandeep/vmaffinityrepository/vm_affinity_management_tool_for_kvm/virt-manager-0.9.4/missing --run automake-1.11'
AWK='gawk'
CC='gcc'
CCDEPMODE='depmode=none'
CFLAGS='-g -O2'
CPPFLAGS=''
CYGPATH_W='echo'
DATADIRNAME='share'
DEFAULT_GRAPHICS='vnc'
DEFAULT_QEMU_USER='root'
DEFS='-DPACKAGE_NAME=\"virt-manager\" -DPACKAGE_TARNAME=\"virt-manager\" -DPACKAGE_VERSION=\"0.9.4\" -DPACKAGE_STRING=\"virt-manager\ 0.9.4\" -DPACKAGE_BUGREPORT=\"\" -DPACKAGE_URL=\"\" -DPACKAGE=\"virt-manager\" -DVERSION=\"0.9.4\" -DENABLE_NLS=1 -DHAVE_GETTEXT=1 -DHAVE_DCGETTEXT=1 -DGETTEXT_PACKAGE=\"virt-manager\"'
DEPDIR='.deps'
ECHO_C=''
ECHO_N='-n'
ECHO_T=''
ENABLE_UNSUPPORTED_RHEL_OPTS='1'
EXEEXT=''
GETTEXT_PACKAGE='virt-manager'
GMSGFMT='/usr/bin/msgfmt'
INSTALL_DATA='${INSTALL} -m 644'
INSTALL_PROGRAM='${INSTALL}'
INSTALL_SCRIPT='${INSTALL}'
INSTALL_STRIP_PROGRAM='$(install_sh) -c -s'
INSTALL_TUI_FALSE='#'
INSTALL_TUI_TRUE=''
INTLLIBS=''
INTLTOOL_CAVES_RULE='%.caves:     %.caves.in     $(INTLTOOL_MERGE) $(wildcard $(top_srcdir)/po/*.po) ; $(INTLTOOL_V_MERGE)LC_ALL=C $(INTLTOOL_MERGE) $(INTLTOOL_V_MERGE_OPTIONS) -d -u -c $(top_builddir)/po/.intltool-merge-cache $(top_srcdir)/po $< $@'
INTLTOOL_DESKTOP_RULE='%.desktop:   %.desktop.in   $(INTLTOOL_MERGE) $(wildcard $(top_srcdir)/po/*.po) ; $(INTLTOOL_V_MERGE)LC_ALL=C $(INTLTOOL_MERGE) $(INTLTOOL_V_MERGE_OPTIONS) -d -u -c $(top_builddir)/po/.intltool-merge-cache $(top_srcdir)/po $< $@'
INTLTOOL_DIRECTORY_RULE='%.directory: %.directory.in $(INTLTOOL_MERGE) $(wildcard $(top_srcdir)/po/*.po) ; $(INTLTOOL_V_MERGE)LC_ALL=C $(INTLTOOL_MERGE) $(INTLTOOL_V_MERGE_OPTIONS) -d -u -c $(top_builddir)/po/.intltool-merge-cache $(top_srcdir)/po $< $@'
INTLTOOL_EXTRACT='/usr/bin/intltool-extract'
INTLTOOL_KBD_RULE='%.kbd:       %.kbd.in       $(INTLTOOL_MERGE) $(wildcard $(top_srcdir)/po/*.po) ; $(INTLTOOL_V_MERGE)LC_ALL=C $(INTLTOOL_MERGE) $(INTLTOOL_V_MERGE_OPTIONS) -x -u -m -c $(top_builddir)/po/.intltool-merge-cache $(top_srcdir)/po $< $@'
INTLTOOL_KEYS_RULE='%.keys:      %.keys.in      $(INTLTOOL_MERGE) $(wildcard $(top_srcdir)/po/*.po) ; $(INTLTOOL_V_MERGE)LC_ALL=C $(INTLTOOL_MERGE) $(INTLTOOL_V_MERGE_OPTIONS) -k -u -c $(top_builddir)/po/.intltool-merge-cache $(top_srcdir)/po $< $@'
INTLTOOL_MERGE='/usr/bin/intltool-merge'
INTLTOOL_OAF_RULE='%.oaf:       %.oaf.in       $(INTLTOOL_MERGE) $(wildcard $(top_srcdir)/po/*.po) ; $(INTLTOOL_V_MERGE)LC_ALL=C $(INTLTOOL_MERGE) $(INTLTOOL_V_MERGE_OPTIONS) -o -p $(top_srcdir)/po $< $@'
INTLTOOL_PERL='/usr/bin/perl'
INTLTOOL_POLICY_RULE='%.policy:    %.policy.in    $(INTLTOOL_MERGE) $(wildcard $(top_srcdir)/po/*.po) ; $(INTLTOOL_V_MERGE)LC_ALL=C $(INTLTOOL_MERGE) $(INTLTOOL_V_MERGE_OPTIONS) -x -u -c $(top_builddir)/po/.intltool-merge-cache $(top_srcdir)/po $< $@'
INTLTOOL_PONG_RULE='%.pong:      %.pong.in      $(INTLTOOL_MERGE) $(wildcard $(top_srcdir)/po/*.po) ; $(INTLTOOL_V_MERGE)LC_ALL=C $(INTLTOOL_MERGE) $(INTLTOOL_V_MERGE_OPTIONS) -x -u -c $(top_builddir)/po/.intltool-merge-cache $(top_srcdir)/po $< $@'
INTLTOOL_PROP_RULE='%.prop:      %.prop.in      $(INTLTOOL_MERGE) $(wildcard $(top_srcdir)/po/*.po) ; $(INTLTOOL_V_MERGE)LC_ALL=C $(INTLTOOL_MERGE) $(INTLTOOL_V_MERGE_OPTIONS) -d -u -c $(top_builddir)/po/.intltool-merge-cache $(top_srcdir)/po $< $@'
INTLTOOL_SCHEMAS_RULE='%.schemas:   %.schemas.in   $(INTLTOOL_MERGE) $(wildcard $(top_srcdir)/po/*.po) ; $(INTLTOOL_V_MERGE)LC_ALL=C $(INTLTOOL_MERGE) $(INTLTOOL_V_MERGE_OPTIONS) -s -u -c $(top_builddir)/po/.intltool-merge-cache $(top_srcdir)/po $< $@'
INTLTOOL_SERVER_RULE='%.server:    %.server.in    $(INTLTOOL_MERGE) $(wildcard $(top_srcdir)/po/*.po) ; $(INTLTOOL_V_MERGE)LC_ALL=C $(INTLTOOL_MERGE) $(INTLTOOL_V_MERGE_OPTIONS) -o -u -c $(top_builddir)/po/.intltool-merge-cache $(top_srcdir)/po $< $@'
INTLTOOL_SERVICE_RULE='%.service: %.service.in   $(INTLTOOL_MERGE) $(wildcard $(top_srcdir)/po/*.po) ; $(INTLTOOL_V_MERGE)LC_ALL=C $(INTLTOOL_MERGE) $(INTLTOOL_V_MERGE_OPTIONS) -d -u -c $(top_builddir)/po/.intltool-merge-cache $(top_srcdir)/po $< $@'
INTLTOOL_SHEET_RULE='%.sheet:     %.sheet.in     $(INTLTOOL_MERGE) $(wildcard $(top_srcdir)/po/*.po) ; $(INTLTOOL_V_MERGE)LC_ALL=C $(INTLTOOL_MERGE) $(INTLTOOL_V_MERGE_OPTIONS) -x -u -c $(top_builddir)/po/.intltool-merge-cache $(top_srcdir)/po $< $@'
INTLTOOL_SOUNDLIST_RULE='%.soundlist: %.soundlist.in $(INTLTOOL_MERGE) $(wildcard $(top_srcdir)/po/*.po) ; $(INTLTOOL_V_MERGE)LC_ALL=C $(INTLTOOL_MERGE) $(INTLTOOL_V_MERGE_OPTIONS) -d -u -c $(top_builddir)/po/.intltool-merge-cache $(top_srcdir)/po $< $@'
INTLTOOL_THEME_RULE='%.theme:     %.theme.in     $(INTLTOOL_MERGE) $(wildcard $(top_srcdir)/po/*.po) ; $(INTLTOOL_V_MERGE)LC_ALL=C $(INTLTOOL_MERGE) $(INTLTOOL_V_MERGE_OPTIONS) -d -u -c $(top_builddir)/po/.intltool-merge-cache $(top_srcdir)/po $< $@'
INTLTOOL_UI_RULE='%.ui:        %.ui.in        $(INTLTOOL_MERGE) $(wildcard $(top_srcdir)/po/*.po) ; $(INTLTOOL_V_MERGE)LC_ALL=C $(INTLTOOL_MERGE) $(INTLTOOL_V_MERGE_OPTIONS) -x -u -c $(top_builddir)/po/.intltool-merge-cache $(top_srcdir)/po $< $@'
INTLTOOL_UPDATE='/usr/bin/intltool-update'
INTLTOOL_V_MERGE='$(INTLTOOL__v_MERGE_$(V))'
INTLTOOL_V_MERGE_OPTIONS='$(intltool__v_merge_options_$(V))'
INTLTOOL_XAM_RULE='%.xam:       %.xml.in       $(INTLTOOL_MERGE) $(wildcard $(top_srcdir)/po/*.po) ; $(INTLTOOL_V_MERGE)LC_ALL=C $(INTLTOOL_MERGE) $(INTLTOOL_V_MERGE_OPTIONS) -x -u -c $(top_builddir)/po/.intltool-merge-cache $(top_srcdir)/po $< $@'
INTLTOOL_XML_NOMERGE_RULE='%.xml:       %.xml.in       $(INTLTOOL_MERGE) ; $(INTLTOOL_V_MERGE)LC_ALL=C $(INTLTOOL_MERGE) $(INTLTOOL_V_MERGE_OPTIONS) -x -u --no-translations $< $@'
INTLTOOL_XML_RULE='%.xml:       %.xml.in       $(INTLTOOL_MERGE) $(wildcard $(top_srcdir)/po/*.po) ; $(INTLTOOL_V_MERGE)LC_ALL=C $(INTLTOOL_MERGE) $(INTLTOOL_V_MERGE_OPTIONS) -x -u -c $(top_builddir)/po/.intltool-merge-cache $(top_srcdir)/po $< $@'
INTLTOOL__v_MERGE_0='@echo "  ITMRG " $@;'
INTLTOOL__v_MERGE_='$(INTLTOOL__v_MERGE_$(AM_DEFAULT_VERBOSITY))'
KVM_PACKAGES=''
LDFLAGS=''
LIBICONV='-liconv'
LIBINTL=''
LIBOBJS=''
LIBS=''
LIBVIRT_PACKAGES=''
LTLIBICONV='-liconv'
LTLIBINTL=''
LTLIBOBJS=''
MAINT=''
MAINTAINER_MODE_FALSE='#'
MAINTAINER_MODE_TRUE=''
MAKEINFO='${SHELL} /home/sandeep/vmaffinityrepository/vm_affinity_management_tool_for_kvm/virt-manager-0.9.4/missing --run makeinfo'
MKDIR_P='/bin/mkdir -p'
MKINSTALLDIRS='$(top_builddir)/./mkinstalldirs'
MSGFMT='/usr/bin/msgfmt'
MSGMERGE='/usr/bin/msgmerge'
OBJEXT='o'
PACKAGE='virt-manager'
PACKAGE_BUGREPORT=''
PACKAGE_NAME='virt-manager'
PACKAGE_STRING='virt-manager 0.9.4'
PACKAGE_TARNAME='virt-manager'
PACKAGE_URL=''
PACKAGE_VERSION='0.9.4'
PATH_SEPARATOR=':'
POSUB='po'
PREFERRED_DISTROS=''
SET_MAKE=''
SHELL='/bin/bash'
STRIP=''
USE_NLS='yes'
VERSION='0.9.4'
VIRTINST_VERSION='0.600.3'
XGETTEXT='/usr/bin/xgettext'
ac_ct_CC='gcc'
am__EXEEXT_FALSE=''
am__EXEEXT_TRUE='#'
am__fastdepCC_FALSE=''
am__fastdepCC_TRUE='#'
am__include='include'
am__isrc=''
am__leading_dot='.'
am__nodep='_no'
am__quote=''
am__tar='$${TAR-tar} chof - "$$tardir"'
am__untar='$${TAR-tar} xf -'
bindir='${exec_prefix}/bin'
build='i686-pc-linux-gnu'
build_alias=''
build_cpu='i686'
build_os='linux-gnu'
build_vendor='pc'
datadir='${datarootdir}'
datarootdir='${prefix}/share'
docdir='${datarootdir}/doc/${PACKAGE_TARNAME}'
dvidir='${docdir}'
exec_prefix='${prefix}'
host='i686-pc-linux-gnu'
host_alias=''
host_cpu='i686'
host_os='linux-gnu'
host_vendor='pc'
htmldir='${docdir}'
includedir='${prefix}/include'
infodir='${datarootdir}/info'
install_sh='${SHELL} /home/sandeep/vmaffinityrepository/vm_affinity_management_tool_for_kvm/virt-manager-0.9.4/install-sh'
intltool__v_merge_options_0='-q'
intltool__v_merge_options_='$(intltool__v_merge_options_$(AM_DEFAULT_VERBOSITY))'
libdir='${exec_prefix}/lib'
libexecdir='${exec_prefix}/libexec'
localedir='${datarootdir}/locale'
localstatedir='${prefix}/var'
mandir='${datarootdir}/man'
mkdir_p='/bin/mkdir -p'
oldincludedir='/usr/include'
pdfdir='${docdir}'
prefix='/usr/local'
program_transform_name='s,x,x,'
psdir='${docdir}'
sbindir='${exec_prefix}/sbin'
sharedstatedir='${prefix}/com'
sysconfdir='${prefix}/etc'
target_alias=''

## ----------- ##
## confdefs.h. ##
## ----------- ##

/* confdefs.h */
#define PACKAGE_NAME "virt-manager"
#define PACKAGE_TARNAME "virt-manager"
#define PACKAGE_VERSION "0.9.4"
#define PACKAGE_STRING "virt-manager 0.9.4"
#define PACKAGE_BUGREPORT ""
#define PACKAGE_URL ""
#define PACKAGE "virt-manager"
#define VERSION "0.9.4"
#define ENABLE_NLS 1
#define HAVE_GETTEXT 1
#define HAVE_DCGETTEXT 1
#define GETTEXT_PACKAGE "virt-manager"

configure: exit 0
